#
# There is insufficient memory for the Java Runtime Environment to continue.
# Native memory allocation (malloc) failed to allocate 87293952 bytes for committing reserved memory.
# Possible reasons:
#   The system is out of physical RAM or swap space
#   In 32 bit mode, the process size limit was hit
# Possible solutions:
#   Reduce memory load on the system
#   Increase physical memory or swap space
#   Check if swap backing store is full
#   Use 64 bit Java on a 64 bit OS
#   Decrease Java heap size (-Xmx/-Xms)
#   Decrease number of Java threads
#   Decrease Java thread stack sizes (-Xss)
#   Set larger code cache with -XX:ReservedCodeCacheSize=
# This output file may be truncated or incomplete.
#
#  Out of Memory Error (os_linux.cpp:2745), pid=28437, tid=1812986688
#
# JRE version: Java(TM) SE Runtime Environment (7.0_71-b14) (build 1.7.0_71-b14)
# Java VM: Java HotSpot(TM) Server VM (24.71-b01 mixed mode linux-x86 )
# Failed to write core dump. Core dumps have been disabled. To enable core dumping, try "ulimit -c unlimited" before starting Java again
#

---------------  T H R E A D  ---------------

Current thread (0x6c180800):  VMThread [stack: 0x6c07f000,0x6c100000] [id=28465]

Stack: [0x6c07f000,0x6c100000],  sp=0x6c0fea30,  free space=510k
Native frames: (J=compiled Java code, j=interpreted, Vv=VM code, C=native code)
V  [libjvm.so+0x7e8386]  VMError::report_and_die()+0x1a6
V  [libjvm.so+0x33d9d2]  report_vm_out_of_memory(char const*, int, unsigned int, char const*)+0x72
V  [libjvm.so+0x6853e1]  os::Linux::commit_memory_impl(char*, unsigned int, bool)+0xe1
V  [libjvm.so+0x6858a8]  os::pd_commit_memory(char*, unsigned int, unsigned int, bool)+0x28
V  [libjvm.so+0x67f01c]  os::commit_memory(char*, unsigned int, unsigned int, bool)+0x2c
V  [libjvm.so+0x6e8c08]  PSVirtualSpace::expand_by(unsigned int)+0x48
V  [libjvm.so+0x6e9d0a]  PSYoungGen::resize_generation(unsigned int, unsigned int)+0xda
V  [libjvm.so+0x6e9049]  PSYoungGen::resize(unsigned int, unsigned int)+0x19
V  [libjvm.so+0x6e69fe]  PSScavenge::invoke_no_policy()+0xd5e
V  [libjvm.so+0x6e71d8]  PSScavenge::invoke()+0x28
V  [libjvm.so+0x6a501a]  ParallelScavengeHeap::failed_mem_allocate(unsigned int)+0x5a
V  [libjvm.so+0x7e9c1a]  VM_ParallelGCFailedAllocation::doit()+0x7a
V  [libjvm.so+0x7f2a37]  VM_Operation::evaluate()+0x47
V  [libjvm.so+0x7f0ad3]  VMThread::evaluate_operation(VM_Operation*)+0xb3
V  [libjvm.so+0x7f0e70]  VMThread::loop()+0x1b0
V  [libjvm.so+0x7f12d5]  VMThread::run()+0x85
V  [libjvm.so+0x6876b9]  java_start(Thread*)+0x119
C  [libpthread.so.0+0x6d78]  start_thread+0xd8

VM_Operation (0xb67c0854): ParallelGCFailedAllocation, mode: safepoint, requested by thread 0xb6607800


---------------  P R O C E S S  ---------------

Java Threads: ( => current thread )
  0x6c19b000 JavaThread "Service Thread" daemon [_thread_blocked, id=28486, stack(0x6ba2e000,0x6ba7f000)]
  0x6c199400 JavaThread "C2 CompilerThread1" daemon [_thread_blocked, id=28485, stack(0x6ba7f000,0x6bb00000)]
  0x6c197400 JavaThread "C2 CompilerThread0" daemon [_thread_blocked, id=28484, stack(0x6be2e000,0x6beaf000)]
  0x6c195800 JavaThread "Signal Dispatcher" daemon [_thread_blocked, id=28477, stack(0x6beaf000,0x6bf00000)]
  0x6c184800 JavaThread "Finalizer" daemon [_thread_blocked, id=28470, stack(0x6c02e000,0x6c07f000)]
  0x6c183000 JavaThread "Reference Handler" daemon [_thread_blocked, id=28467, stack(0x6eb2e000,0x6eb7f000)]
  0xb6607800 JavaThread "main" [_thread_blocked, id=28443, stack(0xb6771000,0xb67c2000)]

Other Threads:
=>0x6c180800 VMThread [stack: 0x6c07f000,0x6c100000] [id=28465]
  0x6c19cc00 WatcherThread [stack: 0x6b9ad000,0x6ba2e000] [id=28488]

VM state:at safepoint (normal execution)

VM Mutex/Monitor currently owned by a thread:  ([mutex/lock_event])
[0xb6605068] Threads_lock - owner thread: 0x6c180800
[0xb6605478] Heap_lock - owner thread: 0xb6607800

Heap
 PSYoungGen      total 139520K, used 18168K [0x9df80000, 0xa7d80000, 0xb3500000)
  eden space 121344K, 0% used [0x9df80000,0x9df80000,0xa5600000)
  from space 18176K, 99% used [0xa5600000,0xa67be3d8,0xa67c0000)
  to   space 14080K, 0% used [0xa67c0000,0xa67c0000,0xa7580000)
 ParOldGen       total 41728K, used 40980K [0x73500000, 0x75dc0000, 0x9df80000)
  object space 41728K, 98% used [0x73500000,0x75d05100,0x75dc0000)
 PSPermGen       total 16384K, used 3800K [0x6f500000, 0x70500000, 0x73500000)
  object space 16384K, 23% used [0x6f500000,0x6f8b61c0,0x70500000)

Card table byte_map: [0x6f2df000,0x6f500000] byte_map_base: 0x6ef64800

Polling page: 0xb7701000

Code Cache  [0xb35db000, 0xb388b000, 0xb65db000)
 total_blobs=826 nmethods=706 adapters=73 free_code_cache=46491Kb largest_free_block=47521600

Compilation events (10 events):
Event: 14.184 Thread 0x6c197400 nmethod 718 0xb385c848 code [0xb385c940, 0xb385c9b0]
Event: 14.195 Thread 0x6c197400  719  s          com.android.dx.dex.file.MethodIdsSection::intern (55 bytes)
Event: 14.206 Thread 0x6c197400 nmethod 719 0xb385d448 code [0xb385d5c0, 0xb385db98]
Event: 14.221 Thread 0x6c197400  720             com.android.dx.rop.cst.CstKnownNull::getType (4 bytes)
Event: 14.221 Thread 0x6c197400 nmethod 720 0xb385b388 code [0xb385b480, 0xb385b4d0]
Event: 14.321 Thread 0x6c197400  721             com.android.dx.rop.cst.CstBaseMethodRef::isClassInit (8 bytes)
Event: 14.322 Thread 0x6c197400 nmethod 721 0xb3863ec8 code [0xb3863fc0, 0xb38640f0]
Event: 14.324 Thread 0x6c197400  722             com.android.dx.cf.iface.StdMethodList::get (9 bytes)
Event: 14.326 Thread 0x6c197400 nmethod 722 0xb385c588 code [0xb385c680, 0xb385c730]
Event: 14.335 Thread 0x6c199400 nmethod 712 0xb3877ac8 code [0xb3879180, 0xb387f820]

GC Heap History (10 events):
Event: 6.936 GC heap after
Heap after GC invocations=4 (full 0):
 PSYoungGen      total 34304K, used 2549K [0x9df80000, 0xa0380000, 0xb3500000)
  eden space 31744K, 0% used [0x9df80000,0x9df80000,0x9fe80000)
  from space 2560K, 99% used [0xa0100000,0xa037d4e8,0xa0380000)
  to   space 2560K, 0% used [0x9fe80000,0x9fe80000,0xa0100000)
 ParOldGen       total 41728K, used 9206K [0x73500000, 0x75dc0000, 0x9df80000)
  object space 41728K, 22% used [0x73500000,0x73dfd8b8,0x75dc0000)
 PSPermGen       total 16384K, used 3681K [0x6f500000, 0x70500000, 0x73500000)
  object space 16384K, 22% used [0x6f500000,0x6f898670,0x70500000)
}
Event: 9.283 GC heap before
{Heap before GC invocations=5 (full 0):
 PSYoungGen      total 34304K, used 34293K [0x9df80000, 0xa0380000, 0xb3500000)
  eden space 31744K, 100% used [0x9df80000,0x9fe80000,0x9fe80000)
  from space 2560K, 99% used [0xa0100000,0xa037d4e8,0xa0380000)
  to   space 2560K, 0% used [0x9fe80000,0x9fe80000,0xa0100000)
 ParOldGen       total 41728K, used 9206K [0x73500000, 0x75dc0000, 0x9df80000)
  object space 41728K, 22% used [0x73500000,0x73dfd8b8,0x75dc0000)
 PSPermGen       total 16384K, used 3729K [0x6f500000, 0x70500000, 0x73500000)
  object space 16384K, 22% used [0x6f500000,0x6f8a46e8,0x70500000)
Event: 9.323 GC heap after
Heap after GC invocations=5 (full 0):
 PSYoungGen      total 34304K, used 2555K [0x9df80000, 0xa2d00000, 0xb3500000)
  eden space 31744K, 0% used [0x9df80000,0x9df80000,0x9fe80000)
  from space 2560K, 99% used [0x9fe80000,0xa00fefd0,0xa0100000)
  to   space 7936K, 0% used [0xa2540000,0xa2540000,0xa2d00000)
 ParOldGen       total 41728K, used 14439K [0x73500000, 0x75dc0000, 0x9df80000)
  object space 41728K, 34% used [0x73500000,0x74319fe8,0x75dc0000)
 PSPermGen       total 16384K, used 3729K [0x6f500000, 0x70500000, 0x73500000)
  object space 16384K, 22% used [0x6f500000,0x6f8a46e8,0x70500000)
}
Event: 10.895 GC heap before
{Heap before GC invocations=6 (full 0):
 PSYoungGen      total 34304K, used 34299K [0x9df80000, 0xa2d00000, 0xb3500000)
  eden space 31744K, 100% used [0x9df80000,0x9fe80000,0x9fe80000)
  from space 2560K, 99% used [0x9fe80000,0xa00fefd0,0xa0100000)
  to   space 7936K, 0% used [0xa2540000,0xa2540000,0xa2d00000)
 ParOldGen       total 41728K, used 14439K [0x73500000, 0x75dc0000, 0x9df80000)
  object space 41728K, 34% used [0x73500000,0x74319fe8,0x75dc0000)
 PSPermGen       total 16384K, used 3743K [0x6f500000, 0x70500000, 0x73500000)
  object space 16384K, 22% used [0x6f500000,0x6f8a7ee8,0x70500000)
Event: 10.929 GC heap after
Heap after GC invocations=6 (full 0):
 PSYoungGen      total 70656K, used 7261K [0x9df80000, 0xa2e80000, 0xb3500000)
  eden space 62720K, 0% used [0x9df80000,0x9df80000,0xa1cc0000)
  from space 7936K, 91% used [0xa2540000,0xa2c576c8,0xa2d00000)
  to   space 8704K, 0% used [0xa1cc0000,0xa1cc0000,0xa2540000)
 ParOldGen       total 41728K, used 14439K [0x73500000, 0x75dc0000, 0x9df80000)
  object space 41728K, 34% used [0x73500000,0x74319fe8,0x75dc0000)
 PSPermGen       total 16384K, used 3743K [0x6f500000, 0x70500000, 0x73500000)
  object space 16384K, 22% used [0x6f500000,0x6f8a7ee8,0x70500000)
}
Event: 12.441 GC heap before
{Heap before GC invocations=7 (full 0):
 PSYoungGen      total 70656K, used 69981K [0x9df80000, 0xa2e80000, 0xb3500000)
  eden space 62720K, 100% used [0x9df80000,0xa1cc0000,0xa1cc0000)
  from space 7936K, 91% used [0xa2540000,0xa2c576c8,0xa2d00000)
  to   space 8704K, 0% used [0xa1cc0000,0xa1cc0000,0xa2540000)
 ParOldGen       total 41728K, used 14439K [0x73500000, 0x75dc0000, 0x9df80000)
  object space 41728K, 34% used [0x73500000,0x74319fe8,0x75dc0000)
 PSPermGen       total 16384K, used 3758K [0x6f500000, 0x70500000, 0x73500000)
  object space 16384K, 22% used [0x6f500000,0x6f8abbd0,0x70500000)
Event: 12.480 GC heap after
Heap after GC invocations=7 (full 0):
 PSYoungGen      total 71424K, used 8703K [0x9df80000, 0xa7580000, 0xb3500000)
  eden space 62720K, 0% used [0x9df80000,0x9df80000,0xa1cc0000)
  from space 8704K, 99% used [0xa1cc0000,0xa253fe30,0xa2540000)
  to   space 14080K, 0% used [0xa67c0000,0xa67c0000,0xa7580000)
 ParOldGen       total 41728K, used 23052K [0x73500000, 0x75dc0000, 0x9df80000)
  object space 41728K, 55% used [0x73500000,0x74b833f0,0x75dc0000)
 PSPermGen       total 16384K, used 3758K [0x6f500000, 0x70500000, 0x73500000)
  object space 16384K, 22% used [0x6f500000,0x6f8abbd0,0x70500000)
}
Event: 12.886 GC heap before
{Heap before GC invocations=8 (full 0):
 PSYoungGen      total 71424K, used 71423K [0x9df80000, 0xa7580000, 0xb3500000)
  eden space 62720K, 100% used [0x9df80000,0xa1cc0000,0xa1cc0000)
  from space 8704K, 99% used [0xa1cc0000,0xa253fe30,0xa2540000)
  to   space 14080K, 0% used [0xa67c0000,0xa67c0000,0xa7580000)
 ParOldGen       total 41728K, used 23052K [0x73500000, 0x75dc0000, 0x9df80000)
  object space 41728K, 55% used [0x73500000,0x74b833f0,0x75dc0000)
 PSPermGen       total 16384K, used 3768K [0x6f500000, 0x70500000, 0x73500000)
  object space 16384K, 23% used [0x6f500000,0x6f8ae1b0,0x70500000)
Event: 12.932 GC heap after
Heap after GC invocations=8 (full 0):
 PSYoungGen      total 135424K, used 14076K [0x9df80000, 0xa7d80000, 0xb3500000)
  eden space 121344K, 0% used [0x9df80000,0x9df80000,0xa5600000)
  from space 14080K, 99% used [0xa67c0000,0xa757f0e8,0xa7580000)
  to   space 18176K, 0% used [0xa5600000,0xa5600000,0xa67c0000)
 ParOldGen       total 41728K, used 27337K [0x73500000, 0x75dc0000, 0x9df80000)
  object space 41728K, 65% used [0x73500000,0x74fb26f0,0x75dc0000)
 PSPermGen       total 16384K, used 3768K [0x6f500000, 0x70500000, 0x73500000)
  object space 16384K, 23% used [0x6f500000,0x6f8ae1b0,0x70500000)
}
Event: 14.477 GC heap before
{Heap before GC invocations=9 (full 0):
 PSYoungGen      total 135424K, used 135420K [0x9df80000, 0xa7d80000, 0xb3500000)
  eden space 121344K, 100% used [0x9df80000,0xa5600000,0xa5600000)
  from space 14080K, 99% used [0xa67c0000,0xa757f0e8,0xa7580000)
  to   space 18176K, 0% used [0xa5600000,0xa5600000,0xa67c0000)
 ParOldGen       total 41728K, used 27337K [0x73500000, 0x75dc0000, 0x9df80000)
  object space 41728K, 65% used [0x73500000,0x74fb26f0,0x75dc0000)
 PSPermGen       total 16384K, used 3800K [0x6f500000, 0x70500000, 0x73500000)
  object space 16384K, 23% used [0x6f500000,0x6f8b61c0,0x70500000)

Deoptimization events (10 events):
Event: 13.244 Thread 0xb6607800 Uncommon trap: reason=class_check action=maybe_recompile pc=0xb37f112c method=com.android.dx.cf.code.Ropper.processBlock(Lcom/android/dx/cf/code/ByteBlock;Lcom/android/dx/cf/code/Frame;[I)V @ 711
Event: 13.245 Thread 0xb6607800 Uncommon trap: reason=class_check action=maybe_recompile pc=0xb37f112c method=com.android.dx.cf.code.Ropper.processBlock(Lcom/android/dx/cf/code/ByteBlock;Lcom/android/dx/cf/code/Frame;[I)V @ 711
Event: 13.343 Thread 0xb6607800 Uncommon trap: reason=bimorphic action=maybe_recompile pc=0xb37c3ed8 method=com.android.dx.ssa.LiteralOpUpgrader.tryReplacingWithConstant(Lcom/android/dx/ssa/NormalSsaInsn;)Z @ 62
Event: 13.345 Thread 0xb6607800 Uncommon trap: reason=class_check action=maybe_recompile pc=0xb36f49ac method=com.android.dx.ssa.back.FirstFitLocalCombiningAllocator.findNextUnreservedRopReg(IILcom/android/dx/ssa/back/FirstFitLocalCombiningAllocator$Alignment;)I @ 60
Event: 13.345 Thread 0xb6607800 Uncommon trap: reason=class_check action=maybe_recompile pc=0xb36f49ac method=com.android.dx.ssa.back.FirstFitLocalCombiningAllocator.findNextUnreservedRopReg(IILcom/android/dx/ssa/back/FirstFitLocalCombiningAllocator$Alignment;)I @ 60
Event: 13.345 Thread 0xb6607800 Uncommon trap: reason=class_check action=maybe_recompile pc=0xb36f49ac method=com.android.dx.ssa.back.FirstFitLocalCombiningAllocator.findNextUnreservedRopReg(IILcom/android/dx/ssa/back/FirstFitLocalCombiningAllocator$Alignment;)I @ 60
Event: 13.347 Thread 0xb6607800 Uncommon trap: reason=bimorphic action=maybe_recompile pc=0xb37c3ed8 method=com.android.dx.ssa.LiteralOpUpgrader.tryReplacingWithConstant(Lcom/android/dx/ssa/NormalSsaInsn;)Z @ 62
Event: 13.359 Thread 0xb6607800 Uncommon trap: reason=bimorphic action=maybe_recompile pc=0xb37e0964 method=com.android.dx.ssa.back.FirstFitLocalCombiningAllocator.findRopRegForLocal(II)I @ 12
Event: 13.969 Thread 0xb6607800 Uncommon trap: reason=bimorphic action=maybe_recompile pc=0xb3837f18 method=com.android.dx.cf.code.BytecodeArray.parseInstruction(ILcom/android/dx/cf/code/BytecodeArray$Visitor;)I @ 971
Event: 13.969 Thread 0xb6607800 Uncommon trap: reason=bimorphic action=maybe_recompile pc=0xb3837f18 method=com.android.dx.cf.code.BytecodeArray.parseInstruction(ILcom/android/dx/cf/code/BytecodeArray$Visitor;)I @ 971

Internal exceptions (10 events):
Event: 8.125 Thread 0xb6607800 Threw 0x9eecc9e8 at /HUDSON/workspace/7u-2-build-linux-i586/jdk7u71/1605/hotspot/src/share/vm/prims/jvm.cpp:1281
Event: 8.207 Thread 0xb6607800 Threw 0x9eece9b8 at /HUDSON/workspace/7u-2-build-linux-i586/jdk7u71/1605/hotspot/src/share/vm/prims/jvm.cpp:1281
Event: 8.207 Thread 0xb6607800 Threw 0x9eed14a0 at /HUDSON/workspace/7u-2-build-linux-i586/jdk7u71/1605/hotspot/src/share/vm/prims/jvm.cpp:1281
Event: 8.330 Thread 0xb6607800 Threw 0x9f058be0 at /HUDSON/workspace/7u-2-build-linux-i586/jdk7u71/1605/hotspot/src/share/vm/prims/jvm.cpp:1281
Event: 8.372 Thread 0xb6607800 Threw 0x9f0b41c0 at /HUDSON/workspace/7u-2-build-linux-i586/jdk7u71/1605/hotspot/src/share/vm/prims/jvm.cpp:1281
Event: 8.373 Thread 0xb6607800 Threw 0x9f0b63f8 at /HUDSON/workspace/7u-2-build-linux-i586/jdk7u71/1605/hotspot/src/share/vm/prims/jvm.cpp:1281
Event: 8.380 Thread 0xb6607800 Threw 0x9f0cb2a8 at /HUDSON/workspace/7u-2-build-linux-i586/jdk7u71/1605/hotspot/src/share/vm/prims/jvm.cpp:1281
Event: 8.402 Thread 0xb6607800 Threw 0x9f0d07f0 at /HUDSON/workspace/7u-2-build-linux-i586/jdk7u71/1605/hotspot/src/share/vm/prims/jvm.cpp:1281
Event: 8.433 Thread 0xb6607800 Threw 0x9f0d5a70 at /HUDSON/workspace/7u-2-build-linux-i586/jdk7u71/1605/hotspot/src/share/vm/prims/jvm.cpp:1281
Event: 11.798 Thread 0xb6607800 Threw 0x9f96a8c8 at /HUDSON/workspace/7u-2-build-linux-i586/jdk7u71/1605/hotspot/src/share/vm/prims/jvm.cpp:1281

Events (10 events):
Event: 13.359 Thread 0xb6607800 DEOPT PACKING pc=0xb37e0964 sp=0xb67c0a20
Event: 13.359 Thread 0xb6607800 DEOPT UNPACKING pc=0xb3607bc8 sp=0xb67c09e8 mode 2
Event: 13.969 Thread 0xb6607800 Uncommon trap: trap_request=0xffffffc6 fr.pc=0xb3837f18
Event: 13.969 Thread 0xb6607800 DEOPT PACKING pc=0xb3837f18 sp=0xb67c0910
Event: 13.969 Thread 0xb6607800 DEOPT UNPACKING pc=0xb3607bc8 sp=0xb67c0914 mode 2
Event: 13.969 Thread 0xb6607800 Uncommon trap: trap_request=0xffffffc6 fr.pc=0xb3837f18
Event: 13.969 Thread 0xb6607800 DEOPT PACKING pc=0xb3837f18 sp=0xb67c0940
Event: 13.969 Thread 0xb6607800 DEOPT UNPACKING pc=0xb3607bc8 sp=0xb67c0944 mode 2
Event: 14.175 Thread 0x6c197400 flushing nmethod 0xb378b048
Event: 14.477 Executing VM operation: ParallelGCFailedAllocation


Dynamic libraries:
08048000-08049000 r-xp 00000000 07:00 409870     /usr/lib/jvm/jdk1.7.0_71/bin/java
08049000-0804a000 rw-p 00000000 07:00 409870     /usr/lib/jvm/jdk1.7.0_71/bin/java
084c3000-084e5000 rw-p 00000000 00:00 0          [heap]
6a600000-6a7ce000 rw-p 00000000 00:00 0 
6a7ce000-6a800000 ---p 00000000 00:00 0 
6a800000-6a8f2000 rw-p 00000000 00:00 0 
6a8f2000-6a900000 ---p 00000000 00:00 0 
6a900000-6aa00000 rw-p 00000000 00:00 0 
6aa00000-6aafc000 rw-p 00000000 00:00 0 
6aafc000-6ab00000 ---p 00000000 00:00 0 
6ac00000-6acfb000 rw-p 00000000 00:00 0 
6acfb000-6ad00000 ---p 00000000 00:00 0 
6ad00000-6adfb000 rw-p 00000000 00:00 0 
6adfb000-6ae00000 ---p 00000000 00:00 0 
6ae00000-6aefb000 rw-p 00000000 00:00 0 
6aefb000-6af00000 ---p 00000000 00:00 0 
6af00000-6aff9000 rw-p 00000000 00:00 0 
6aff9000-6b000000 ---p 00000000 00:00 0 
6b000000-6b0f1000 rw-p 00000000 00:00 0 
6b0f1000-6b100000 ---p 00000000 00:00 0 
6b200000-6b2fe000 rw-p 00000000 00:00 0 
6b2fe000-6b300000 ---p 00000000 00:00 0 
6b400000-6b4f8000 rw-p 00000000 00:00 0 
6b4f8000-6b500000 ---p 00000000 00:00 0 
6b500000-6b5ff000 rw-p 00000000 00:00 0 
6b5ff000-6b600000 ---p 00000000 00:00 0 
6b600000-6b6cd000 rw-p 00000000 00:00 0 
6b6cd000-6b700000 ---p 00000000 00:00 0 
6b700000-6b7f4000 rw-p 00000000 00:00 0 
6b7f4000-6b800000 ---p 00000000 00:00 0 
6b800000-6b87e000 rw-p 00000000 00:00 0 
6b87e000-6b900000 ---p 00000000 00:00 0 
6b9ad000-6b9ae000 ---p 00000000 00:00 0 
6b9ae000-6ba2e000 rw-p 00000000 00:00 0          [stack:28488]
6ba2e000-6ba31000 ---p 00000000 00:00 0 
6ba31000-6ba7f000 rw-p 00000000 00:00 0          [stack:28486]
6ba7f000-6ba82000 ---p 00000000 00:00 0 
6ba82000-6bb00000 rw-p 00000000 00:00 0          [stack:28485]
6bb00000-6bd00000 r--p 00000000 07:00 270748     /usr/lib/locale/locale-archive
6bd00000-6bd21000 rw-p 00000000 00:00 0 
6bd21000-6be00000 ---p 00000000 00:00 0 
6be2e000-6be31000 ---p 00000000 00:00 0 
6be31000-6beaf000 rw-p 00000000 00:00 0          [stack:28484]
6beaf000-6beb2000 ---p 00000000 00:00 0 
6beb2000-6bf00000 rw-p 00000000 00:00 0          [stack:28477]
6bf00000-6bffa000 rw-p 00000000 00:00 0 
6bffa000-6c000000 ---p 00000000 00:00 0 
6c02e000-6c031000 ---p 00000000 00:00 0 
6c031000-6c07f000 rw-p 00000000 00:00 0          [stack:28470]
6c07f000-6c080000 ---p 00000000 00:00 0 
6c080000-6c100000 rw-p 00000000 00:00 0          [stack:28465]
6c100000-6c1ff000 rw-p 00000000 00:00 0 
6c1ff000-6c200000 ---p 00000000 00:00 0 
6c201000-6c3c0000 r--s 039e9000 07:00 410012     /usr/lib/jvm/jdk1.7.0_71/jre/lib/rt.jar
6c3c0000-6ea00000 rw-p 00000000 00:00 0 
6ea00000-6eafd000 rw-p 00000000 00:00 0 
6eafd000-6eb00000 ---p 00000000 00:00 0 
6eb18000-6eb2d000 r-xp 00000000 07:00 410084     /usr/lib/jvm/jdk1.7.0_71/jre/lib/i386/libnet.so
6eb2d000-6eb2e000 rw-p 00014000 07:00 410084     /usr/lib/jvm/jdk1.7.0_71/jre/lib/i386/libnet.so
6eb2e000-6eb31000 ---p 00000000 00:00 0 
6eb31000-6eb7f000 rw-p 00000000 00:00 0          [stack:28467]
6eb7f000-6eb80000 ---p 00000000 00:00 0 
6eb80000-6ec00000 rw-p 00000000 00:00 0          [stack:28453]
6ec00000-6ec21000 rw-p 00000000 00:00 0 
6ec21000-6ed00000 ---p 00000000 00:00 0 
6ed00000-6ed21000 rw-p 00000000 00:00 0 
6ed21000-6ee00000 ---p 00000000 00:00 0 
6ee04000-6ee12000 r-xp 00000000 07:00 410110     /usr/lib/jvm/jdk1.7.0_71/jre/lib/i386/libnio.so
6ee12000-6ee13000 rw-p 0000e000 07:00 410110     /usr/lib/jvm/jdk1.7.0_71/jre/lib/i386/libnio.so
6ee13000-6ee25000 r--s 000c6000 07:00 315261     /home/madhu/Videos/Custome_List_View/app/build/intermediates/exploded-aar/com.android.support/support-v4/22.1.1/classes.jar
6ee25000-6ee34000 r--s 000dd000 07:00 1060094    /root/Android/Sdk/build-tools/21.1.2/lib/dx.jar
6ee34000-6ee7f000 rw-p 00000000 00:00 0 
6ee7f000-6ee80000 ---p 00000000 00:00 0 
6ee80000-6ef00000 rw-p 00000000 00:00 0          [stack:28451]
6ef00000-6ef21000 rw-p 00000000 00:00 0 
6ef21000-6f000000 ---p 00000000 00:00 0 
6f00c000-6f067000 rw-p 00000000 00:00 0 
6f067000-6f068000 ---p 00000000 00:00 0 
6f068000-6f0e8000 rw-p 00000000 00:00 0          [stack:28449]
6f0e8000-6f0e9000 ---p 00000000 00:00 0 
6f0e9000-6f171000 rw-p 00000000 00:00 0          [stack:28447]
6f171000-6f189000 rw-p 00000000 00:00 0 
6f189000-6f19e000 rw-p 00000000 00:00 0 
6f19e000-6f2df000 rw-p 00000000 00:00 0 
6f2df000-6f2e7000 rw-p 00000000 00:00 0 
6f2e7000-6f2ff000 rw-p 00000000 00:00 0 
6f2ff000-6f314000 rw-p 00000000 00:00 0 
6f314000-6f454000 rw-p 00000000 00:00 0 
6f454000-6f4a4000 rw-p 00000000 00:00 0 
6f4a4000-6f4ff000 rw-p 00000000 00:00 0 
6f4ff000-70500000 rw-p 00000000 00:00 0 
70500000-73500000 rw-p 00000000 00:00 0 
73500000-75dc0000 rw-p 00000000 00:00 0 
75dc0000-9df80000 rw-p 00000000 00:00 0 
9df80000-a7d80000 rw-p 00000000 00:00 0 
acf4d000-ad0c0000 rw-p 00000000 00:00 0 
ad0c0000-b3500000 rw-p 00000000 00:00 0 
b3501000-b3526000 rw-p 00000000 00:00 0 
b3526000-b35db000 rw-p 00000000 00:00 0 
b35db000-b388b000 rwxp 00000000 00:00 0 
b388b000-b65db000 rw-p 00000000 00:00 0 
b65db000-b65f2000 r-xp 00000000 07:00 410050     /usr/lib/jvm/jdk1.7.0_71/jre/lib/i386/libzip.so
b65f2000-b65f3000 rw-p 00017000 07:00 410050     /usr/lib/jvm/jdk1.7.0_71/jre/lib/i386/libzip.so
b65f3000-b65fe000 r-xp 00000000 07:00 131739     /lib/i386-linux-gnu/libnss_files-2.17.so
b65fe000-b65ff000 r--p 0000a000 07:00 131739     /lib/i386-linux-gnu/libnss_files-2.17.so
b65ff000-b6600000 rw-p 0000b000 07:00 131739     /lib/i386-linux-gnu/libnss_files-2.17.so
b6600000-b66f6000 rw-p 00000000 00:00 0 
b66f6000-b6700000 ---p 00000000 00:00 0 
b6701000-b670b000 r-xp 00000000 07:00 131743     /lib/i386-linux-gnu/libnss_nis-2.17.so
b670b000-b670c000 r--p 00009000 07:00 131743     /lib/i386-linux-gnu/libnss_nis-2.17.so
b670c000-b670d000 rw-p 0000a000 07:00 131743     /lib/i386-linux-gnu/libnss_nis-2.17.so
b670d000-b6722000 r-xp 00000000 07:00 131733     /lib/i386-linux-gnu/libnsl-2.17.so
b6722000-b6723000 r--p 00014000 07:00 131733     /lib/i386-linux-gnu/libnsl-2.17.so
b6723000-b6724000 rw-p 00015000 07:00 131733     /lib/i386-linux-gnu/libnsl-2.17.so
b6724000-b6726000 rw-p 00000000 00:00 0 
b6726000-b672d000 r-xp 00000000 07:00 131735     /lib/i386-linux-gnu/libnss_compat-2.17.so
b672d000-b672e000 r--p 00006000 07:00 131735     /lib/i386-linux-gnu/libnss_compat-2.17.so
b672e000-b672f000 rw-p 00007000 07:00 131735     /lib/i386-linux-gnu/libnss_compat-2.17.so
b673c000-b6744000 rw-s 00000000 07:00 145531     /tmp/hsperfdata_root/28437
b6744000-b6767000 r-xp 00000000 07:00 410093     /usr/lib/jvm/jdk1.7.0_71/jre/lib/i386/libjava.so
b6767000-b6768000 rw-p 00023000 07:00 410093     /usr/lib/jvm/jdk1.7.0_71/jre/lib/i386/libjava.so
b6768000-b676f000 r-xp 00000000 07:00 131786     /lib/i386-linux-gnu/librt-2.17.so
b676f000-b6770000 r--p 00006000 07:00 131786     /lib/i386-linux-gnu/librt-2.17.so
b6770000-b6771000 rw-p 00007000 07:00 131786     /lib/i386-linux-gnu/librt-2.17.so
b6771000-b6774000 ---p 00000000 00:00 0 
b6774000-b67c2000 rw-p 00000000 00:00 0          [stack:28443]
b67c2000-b6803000 r-xp 00000000 07:00 131714     /lib/i386-linux-gnu/libm-2.17.so
b6803000-b6804000 r--p 00040000 07:00 131714     /lib/i386-linux-gnu/libm-2.17.so
b6804000-b6805000 rw-p 00041000 07:00 131714     /lib/i386-linux-gnu/libm-2.17.so
b6805000-b7089000 r-xp 00000000 07:00 538315     /usr/lib/jvm/jdk1.7.0_71/jre/lib/i386/server/libjvm.so
b7089000-b70ed000 rw-p 00884000 07:00 538315     /usr/lib/jvm/jdk1.7.0_71/jre/lib/i386/server/libjvm.so
b70ed000-b7511000 rw-p 00000000 00:00 0 
b7511000-b76be000 r-xp 00000000 07:00 131666     /lib/i386-linux-gnu/libc-2.17.so
b76be000-b76c0000 r--p 001ad000 07:00 131666     /lib/i386-linux-gnu/libc-2.17.so
b76c0000-b76c1000 rw-p 001af000 07:00 131666     /lib/i386-linux-gnu/libc-2.17.so
b76c1000-b76c4000 rw-p 00000000 00:00 0 
b76c4000-b76c7000 r-xp 00000000 07:00 131681     /lib/i386-linux-gnu/libdl-2.17.so
b76c7000-b76c8000 r--p 00002000 07:00 131681     /lib/i386-linux-gnu/libdl-2.17.so
b76c8000-b76c9000 rw-p 00003000 07:00 131681     /lib/i386-linux-gnu/libdl-2.17.so
b76c9000-b76ca000 rw-p 00000000 00:00 0 
b76ca000-b76dd000 r-xp 00000000 07:00 539533     /usr/lib/jvm/jdk1.7.0_71/lib/i386/jli/libjli.so
b76dd000-b76de000 rw-p 00012000 07:00 539533     /usr/lib/jvm/jdk1.7.0_71/lib/i386/jli/libjli.so
b76de000-b76f5000 r-xp 00000000 07:00 131778     /lib/i386-linux-gnu/libpthread-2.17.so
b76f5000-b76f6000 r--p 00016000 07:00 131778     /lib/i386-linux-gnu/libpthread-2.17.so
b76f6000-b76f7000 rw-p 00017000 07:00 131778     /lib/i386-linux-gnu/libpthread-2.17.so
b76f7000-b76f9000 rw-p 00000000 00:00 0 
b76fd000-b76ff000 rw-p 00000000 00:00 0 
b76ff000-b7700000 r--p 005e0000 07:00 270748     /usr/lib/locale/locale-archive
b7700000-b7701000 rw-p 00000000 00:00 0 
b7701000-b7702000 ---p 00000000 00:00 0 
b7702000-b770d000 r-xp 00000000 07:00 410086     /usr/lib/jvm/jdk1.7.0_71/jre/lib/i386/libverify.so
b770d000-b770e000 rw-p 0000b000 07:00 410086     /usr/lib/jvm/jdk1.7.0_71/jre/lib/i386/libverify.so
b770e000-b7710000 rw-p 00000000 00:00 0 
b7710000-b7711000 r-xp 00000000 00:00 0          [vdso]
b7711000-b7731000 r-xp 00000000 07:00 131642     /lib/i386-linux-gnu/ld-2.17.so
b7731000-b7732000 r--p 0001f000 07:00 131642     /lib/i386-linux-gnu/ld-2.17.so
b7732000-b7733000 rw-p 00020000 07:00 131642     /lib/i386-linux-gnu/ld-2.17.so
bfdb2000-bfdb3000 rwxp 00000000 00:00 0 
bfde5000-bfe06000 rw-p 00000000 00:00 0          [stack]

VM Arguments:
jvm_args: -Xmx1024M -Dfile.encoding=UTF-8 -Duser.country=US -Duser.language=en -Duser.variant 
java_command: com.android.dx.command.Main --dex --output /home/madhu/Videos/Custome_List_View/app/build/intermediates/pre-dexed/debug/classes-cfe2b6e475fc39003a9d6743de6e45359e2bf7e8.jar /home/madhu/Videos/Custome_List_View/app/build/intermediates/exploded-aar/com.android.support/support-v4/22.1.1/classes.jar
Launcher Type: SUN_STANDARD

Environment Variables:
CLASSPATH=/opt/Android Software/android-studio/bin/../lib/bootstrap.jar:/opt/Android Software/android-studio/bin/../lib/extensions.jar:/opt/Android Software/android-studio/bin/../lib/util.jar:/opt/Android Software/android-studio/bin/../lib/jdom.jar:/opt/Android Software/android-studio/bin/../lib/log4j.jar:/opt/Android Software/android-studio/bin/../lib/trove4j.jar:/opt/Android Software/android-studio/bin/../lib/jna.jar:/usr/lib/jvm/jdk1.7.0_71/lib/tools.jar
PATH=/usr/local/sbin:/usr/local/bin:/usr/sbin:/usr/bin:/sbin:/bin
USERNAME=root
LD_LIBRARY_PATH=/opt/Android Software/android-studio/bin:
SHELL=/bin/bash
DISPLAY=:0.0

Signal Handlers:
SIGSEGV: [libjvm.so+0x7e8e90], sa_mask[0]=0x7ffbfeff, sa_flags=0x10000004
SIGBUS: [libjvm.so+0x7e8e90], sa_mask[0]=0x7ffbfeff, sa_flags=0x10000004
SIGFPE: [libjvm.so+0x681f90], sa_mask[0]=0x7ffbfeff, sa_flags=0x10000004
SIGPIPE: [libjvm.so+0x681f90], sa_mask[0]=0x7ffbfeff, sa_flags=0x10000004
SIGXFSZ: [libjvm.so+0x681f90], sa_mask[0]=0x7ffbfeff, sa_flags=0x10000004
SIGILL: [libjvm.so+0x681f90], sa_mask[0]=0x7ffbfeff, sa_flags=0x10000004
SIGUSR1: SIG_DFL, sa_mask[0]=0x00000000, sa_flags=0x00000000
SIGUSR2: [libjvm.so+0x683790], sa_mask[0]=0x00000004, sa_flags=0x10000004
SIGHUP: [libjvm.so+0x684a90], sa_mask[0]=0x7ffbfeff, sa_flags=0x10000004
SIGINT: [libjvm.so+0x684a90], sa_mask[0]=0x7ffbfeff, sa_flags=0x10000004
SIGTERM: [libjvm.so+0x684a90], sa_mask[0]=0x7ffbfeff, sa_flags=0x10000004
SIGQUIT: [libjvm.so+0x684a90], sa_mask[0]=0x7ffbfeff, sa_flags=0x10000004


---------------  S Y S T E M  ---------------

OS:wheezy/sid

uname:Linux 3.8.0-19-generic #29-Ubuntu SMP Wed Apr 17 18:19:42 UTC 2013 i686
libc:glibc 2.17 NPTL 2.17 
rlimit: STACK 8192k, CORE 0k, NPROC 31017, NOFILE 4096, AS infinity
load average:21.26 7.83 3.98

/proc/meminfo:
MemTotal:        4001428 kB
MemFree:          225836 kB
Buffers:            2672 kB
Cached:           527492 kB
SwapCached:        50956 kB
Active:          2766076 kB
Inactive:         916308 kB
Active(anon):    2762216 kB
Inactive(anon):   910772 kB
Active(file):       3860 kB
Inactive(file):     5536 kB
Unevictable:        2648 kB
Mlocked:              32 kB
HighTotal:       3155716 kB
HighFree:          39040 kB
LowTotal:         845712 kB
LowFree:          186796 kB
SwapTotal:        262140 kB
SwapFree:              0 kB
Dirty:               184 kB
Writeback:             0 kB
AnonPages:       3104888 kB
Mapped:           374116 kB
Shmem:            517968 kB
Slab:              40460 kB
SReclaimable:      18028 kB
SUnreclaim:        22432 kB
KernelStack:        5744 kB
PageTables:        21024 kB
NFS_Unstable:          0 kB
Bounce:                0 kB
WritebackTmp:          0 kB
CommitLimit:     2262852 kB
Committed_AS:    8047604 kB
VmallocTotal:     122880 kB
VmallocUsed:       16112 kB
VmallocChunk:      91900 kB
HardwareCorrupted:     0 kB
AnonHugePages:         0 kB
HugePages_Total:       0
HugePages_Free:        0
HugePages_Rsvd:        0
HugePages_Surp:        0
Hugepagesize:       2048 kB
DirectMap4k:       10232 kB
DirectMap2M:      903168 kB


CPU:total 4 (2 cores per cpu, 2 threads per core) family 6 model 58 stepping 9, cmov, cx8, fxsr, mmx, sse, sse2, sse3, ssse3, sse4.1, sse4.2, popcnt, avx, aes, erms, ht, tsc, tscinvbit, tscinv

/proc/cpuinfo:
processor	: 0
vendor_id	: GenuineIntel
cpu family	: 6
model		: 58
model name	: Intel(R) Core(TM) i5-3337U CPU @ 1.80GHz
stepping	: 9
microcode	: 0x15
cpu MHz		: 1500.000
cache size	: 3072 KB
physical id	: 0
siblings	: 4
core id		: 0
cpu cores	: 2
apicid		: 0
initial apicid	: 0
fdiv_bug	: no
hlt_bug		: no
f00f_bug	: no
coma_bug	: no
fpu		: yes
fpu_exception	: yes
cpuid level	: 13
wp		: yes
flags		: fpu vme de pse tsc msr pae mce cx8 apic sep mtrr pge mca cmov pat pse36 clflush dts acpi mmx fxsr sse sse2 ss ht tm pbe nx rdtscp lm constant_tsc arch_perfmon pebs bts xtopology nonstop_tsc aperfmperf eagerfpu pni pclmulqdq dtes64 monitor ds_cpl vmx est tm2 ssse3 cx16 xtpr pdcm pcid sse4_1 sse4_2 x2apic popcnt tsc_deadline_timer aes xsave avx f16c rdrand lahf_lm ida arat epb xsaveopt pln pts dtherm tpr_shadow vnmi flexpriority ept vpid fsgsbase smep erms
bogomips	: 3592.07
clflush size	: 64
cache_alignment	: 64
address sizes	: 36 bits physical, 48 bits virtual
power management:

processor	: 1
vendor_id	: GenuineIntel
cpu family	: 6
model		: 58
model name	: Intel(R) Core(TM) i5-3337U CPU @ 1.80GHz
stepping	: 9
microcode	: 0x15
cpu MHz		: 1300.000
cache size	: 3072 KB
physical id	: 0
siblings	: 4
core id		: 0
cpu cores	: 2
apicid		: 1
initial apicid	: 1
fdiv_bug	: no
hlt_bug		: no
f00f_bug	: no
coma_bug	: no
fpu		: yes
fpu_exception	: yes
cpuid level	: 13
wp		: yes
flags		: fpu vme de pse tsc msr pae mce cx8 apic sep mtrr pge mca cmov pat pse36 clflush dts acpi mmx fxsr sse sse2 ss ht tm pbe nx rdtscp lm constant_tsc arch_perfmon pebs bts xtopology nonstop_tsc aperfmperf eagerfpu pni pclmulqdq dtes64 monitor ds_cpl vmx est tm2 ssse3 cx16 xtpr pdcm pcid sse4_1 sse4_2 x2apic popcnt tsc_deadline_timer aes xsave avx f16c rdrand lahf_lm ida arat epb xsaveopt pln pts dtherm tpr_shadow vnmi flexpriority ept vpid fsgsbase smep erms
bogomips	: 3592.07
clflush size	: 64
cache_alignment	: 64
address sizes	: 36 bits physical, 48 bits virtual
power management:

processor	: 2
vendor_id	: GenuineIntel
cpu family	: 6
model		: 58
model name	: Intel(R) Core(TM) i5-3337U CPU @ 1.80GHz
stepping	: 9
microcode	: 0x15
cpu MHz		: 1600.000
cache size	: 3072 KB
physical id	: 0
siblings	: 4
core id		: 1
cpu cores	: 2
apicid		: 2
initial apicid	: 2
fdiv_bug	: no
hlt_bug		: no
f00f_bug	: no
coma_bug	: no
fpu		: yes
fpu_exception	: yes
cpuid level	: 13
wp		: yes
flags		: fpu vme de pse tsc msr pae mce cx8 apic sep mtrr pge mca cmov pat pse36 clflush dts acpi mmx fxsr sse sse2 ss ht tm pbe nx rdtscp lm constant_tsc arch_perfmon pebs bts xtopology nonstop_tsc aperfmperf eagerfpu pni pclmulqdq dtes64 monitor ds_cpl vmx est tm2 ssse3 cx16 xtpr pdcm pcid sse4_1 sse4_2 x2apic popcnt tsc_deadline_timer aes xsave avx f16c rdrand lahf_lm ida arat epb xsaveopt pln pts dtherm tpr_shadow vnmi flexpriority ept vpid fsgsbase smep erms
bogomips	: 3592.07
clflush size	: 64
cache_alignment	: 64
address sizes	: 36 bits physical, 48 bits virtual
power management:

processor	: 3
vendor_id	: GenuineIntel
cpu family	: 6
model		: 58
model name	: Intel(R) Core(TM) i5-3337U CPU @ 1.80GHz
stepping	: 9
microcode	: 0x15
cpu MHz		: 1801.000
cache size	: 3072 KB
physical id	: 0
siblings	: 4
core id		: 1
cpu cores	: 2
apicid		: 3
initial apicid	: 3
fdiv_bug	: no
hlt_bug		: no
f00f_bug	: no
coma_bug	: no
fpu		: yes
fpu_exception	: yes
cpuid level	: 13
wp		: yes
flags		: fpu vme de pse tsc msr pae mce cx8 apic sep mtrr pge mca cmov pat pse36 clflush dts acpi mmx fxsr sse sse2 ss ht tm pbe nx rdtscp lm constant_tsc arch_perfmon pebs bts xtopology nonstop_tsc aperfmperf eagerfpu pni pclmulqdq dtes64 monitor ds_cpl vmx est tm2 ssse3 cx16 xtpr pdcm pcid sse4_1 sse4_2 x2apic popcnt tsc_deadline_timer aes xsave avx f16c rdrand lahf_lm ida arat epb xsaveopt pln pts dtherm tpr_shadow vnmi flexpriority ept vpid fsgsbase smep erms
bogomips	: 3592.07
clflush size	: 64
cache_alignment	: 64
address sizes	: 36 bits physical, 48 bits virtual
power management:



Memory: 4k page, physical 4001428k(206756k free), swap 262140k(0k free)

vm_info: Java HotSpot(TM) Server VM (24.71-b01) for linux-x86 JRE (1.7.0_71-b14), built on Sep 26 2014 16:44:29 by "java_re" with gcc 4.3.0 20080428 (Red Hat 4.3.0-8)

time: Mon Aug  3 18:17:38 2015
elapsed time: 65 seconds

