#
# There is insufficient memory for the Java Runtime Environment to continue.
# Native memory allocation (malloc) failed to allocate 88604672 bytes for committing reserved memory.
# Possible reasons:
#   The system is out of physical RAM or swap space
#   In 32 bit mode, the process size limit was hit
# Possible solutions:
#   Reduce memory load on the system
#   Increase physical memory or swap space
#   Check if swap backing store is full
#   Use 64 bit Java on a 64 bit OS
#   Decrease Java heap size (-Xmx/-Xms)
#   Decrease number of Java threads
#   Decrease Java thread stack sizes (-Xss)
#   Set larger code cache with -XX:ReservedCodeCacheSize=
# This output file may be truncated or incomplete.
#
#  Out of Memory Error (os_linux.cpp:2745), pid=28045, tid=1814035264
#
# JRE version: Java(TM) SE Runtime Environment (7.0_71-b14) (build 1.7.0_71-b14)
# Java VM: Java HotSpot(TM) Server VM (24.71-b01 mixed mode linux-x86 )
# Failed to write core dump. Core dumps have been disabled. To enable core dumping, try "ulimit -c unlimited" before starting Java again
#

---------------  T H R E A D  ---------------

Current thread (0x6c280800):  VMThread [stack: 0x6c17f000,0x6c200000] [id=28076]

Stack: [0x6c17f000,0x6c200000],  sp=0x6c1fea30,  free space=510k
Native frames: (J=compiled Java code, j=interpreted, Vv=VM code, C=native code)
V  [libjvm.so+0x7e8386]  VMError::report_and_die()+0x1a6
V  [libjvm.so+0x33d9d2]  report_vm_out_of_memory(char const*, int, unsigned int, char const*)+0x72
V  [libjvm.so+0x6853e1]  os::Linux::commit_memory_impl(char*, unsigned int, bool)+0xe1
V  [libjvm.so+0x6858a8]  os::pd_commit_memory(char*, unsigned int, unsigned int, bool)+0x28
V  [libjvm.so+0x67f01c]  os::commit_memory(char*, unsigned int, unsigned int, bool)+0x2c
V  [libjvm.so+0x6e8c08]  PSVirtualSpace::expand_by(unsigned int)+0x48
V  [libjvm.so+0x6e9d0a]  PSYoungGen::resize_generation(unsigned int, unsigned int)+0xda
V  [libjvm.so+0x6e9049]  PSYoungGen::resize(unsigned int, unsigned int)+0x19
V  [libjvm.so+0x6e69fe]  PSScavenge::invoke_no_policy()+0xd5e
V  [libjvm.so+0x6e71d8]  PSScavenge::invoke()+0x28
V  [libjvm.so+0x6a501a]  ParallelScavengeHeap::failed_mem_allocate(unsigned int)+0x5a
V  [libjvm.so+0x7e9c1a]  VM_ParallelGCFailedAllocation::doit()+0x7a
V  [libjvm.so+0x7f2a37]  VM_Operation::evaluate()+0x47
V  [libjvm.so+0x7f0ad3]  VMThread::evaluate_operation(VM_Operation*)+0xb3
V  [libjvm.so+0x7f0e70]  VMThread::loop()+0x1b0
V  [libjvm.so+0x7f12d5]  VMThread::run()+0x85
V  [libjvm.so+0x6876b9]  java_start(Thread*)+0x119
C  [libpthread.so.0+0x6d78]  start_thread+0xd8

VM_Operation (0xb686abf4): ParallelGCFailedAllocation, mode: safepoint, requested by thread 0xb6707800


---------------  P R O C E S S  ---------------

Java Threads: ( => current thread )
  0x6c29b000 JavaThread "Service Thread" daemon [_thread_blocked, id=28103, stack(0x6bf0d000,0x6bf5e000)]
  0x6c299400 JavaThread "C2 CompilerThread1" daemon [_thread_blocked, id=28102, stack(0x6bafe000,0x6bb7f000)]
  0x6c297400 JavaThread "C2 CompilerThread0" daemon [_thread_blocked, id=28101, stack(0x6bb7f000,0x6bc00000)]
  0x6c295800 JavaThread "Signal Dispatcher" daemon [_thread_blocked, id=28094, stack(0x6bf5e000,0x6bfaf000)]
  0x6c284800 JavaThread "Finalizer" daemon [_thread_blocked, id=28081, stack(0x6bfaf000,0x6c000000)]
  0x6c283000 JavaThread "Reference Handler" daemon [_thread_blocked, id=28079, stack(0x6c12e000,0x6c17f000)]
  0xb6707800 JavaThread "main" [_thread_blocked, id=28053, stack(0xb681b000,0xb686c000)]

Other Threads:
=>0x6c280800 VMThread [stack: 0x6c17f000,0x6c200000] [id=28076]
  0x6c29d000 WatcherThread [stack: 0x6ba7d000,0x6bafe000] [id=28104]

VM state:at safepoint (normal execution)

VM Mutex/Monitor currently owned by a thread:  ([mutex/lock_event])
[0xb6705068] Threads_lock - owner thread: 0x6c280800
[0xb6705478] Heap_lock - owner thread: 0xb6707800

Heap
 PSYoungGen      total 139520K, used 17909K [0x9e000000, 0xa7d80000, 0xb3580000)
  eden space 121600K, 0% used [0x9e000000,0x9e000000,0xa56c0000)
  from space 17920K, 99% used [0xa56c0000,0xa683d770,0xa6840000)
  to   space 14080K, 0% used [0xa6840000,0xa6840000,0xa7600000)
 ParOldGen       total 41728K, used 41721K [0x73580000, 0x75e40000, 0x9e000000)
  object space 41728K, 99% used [0x73580000,0x75e3e440,0x75e40000)
 PSPermGen       total 16384K, used 3841K [0x6f580000, 0x70580000, 0x73580000)
  object space 16384K, 23% used [0x6f580000,0x6f9407c8,0x70580000)

Card table byte_map: [0x6f35f000,0x6f580000] byte_map_base: 0x6efe4400

Polling page: 0xb77ab000

Code Cache  [0xb367d000, 0xb390d000, 0xb667d000)
 total_blobs=845 nmethods=725 adapters=73 free_code_cache=46614Kb largest_free_block=47677376

Compilation events (10 events):
Event: 16.465 Thread 0x6c297400  741             java.util.HashMap$Entry::getKey (5 bytes)
Event: 16.465 Thread 0x6c297400 nmethod 741 0xb38b8088 code [0xb38b8160, 0xb38b81b0]
Event: 16.465 Thread 0x6c297400  742             java.util.HashMap$KeyIterator::next (8 bytes)
Event: 16.476 Thread 0x6c297400 nmethod 742 0xb38d1ec8 code [0xb38d1fc0, 0xb38d21d0]
Event: 16.476 Thread 0x6c297400  743             com.android.dx.dex.file.OffsettedItem::<init> (44 bytes)
Event: 16.477 Thread 0x6c297400 nmethod 743 0xb3814288 code [0xb3814380, 0xb3814410]
Event: 16.477 Thread 0x6c297400  744             com.android.dx.rop.cst.CstMemberRef::hashCode (19 bytes)
Event: 16.490 Thread 0x6c297400 nmethod 744 0xb38e0dc8 code [0xb38e0ee0, 0xb38e1350]
Event: 16.490 Thread 0x6c297400  745             com.android.dx.rop.cst.CstNat::hashCode (19 bytes)
Event: 16.498 Thread 0x6c297400 nmethod 745 0xb38e0808 code [0xb38e0900, 0xb38e0bd0]

GC Heap History (10 events):
Event: 6.190 GC heap after
Heap after GC invocations=4 (full 0):
 PSYoungGen      total 34304K, used 2547K [0x9e000000, 0xa0400000, 0xb3580000)
  eden space 31744K, 0% used [0x9e000000,0x9e000000,0x9ff00000)
  from space 2560K, 99% used [0xa0180000,0xa03fcd20,0xa0400000)
  to   space 2560K, 0% used [0x9ff00000,0x9ff00000,0xa0180000)
 ParOldGen       total 41728K, used 9389K [0x73580000, 0x75e40000, 0x9e000000)
  object space 41728K, 22% used [0x73580000,0x73eab430,0x75e40000)
 PSPermGen       total 16384K, used 3678K [0x6f580000, 0x70580000, 0x73580000)
  object space 16384K, 22% used [0x6f580000,0x6f9179d8,0x70580000)
}
Event: 8.112 GC heap before
{Heap before GC invocations=5 (full 0):
 PSYoungGen      total 34304K, used 34291K [0x9e000000, 0xa0400000, 0xb3580000)
  eden space 31744K, 100% used [0x9e000000,0x9ff00000,0x9ff00000)
  from space 2560K, 99% used [0xa0180000,0xa03fcd20,0xa0400000)
  to   space 2560K, 0% used [0x9ff00000,0x9ff00000,0xa0180000)
 ParOldGen       total 41728K, used 9389K [0x73580000, 0x75e40000, 0x9e000000)
  object space 41728K, 22% used [0x73580000,0x73eab430,0x75e40000)
 PSPermGen       total 16384K, used 3726K [0x6f580000, 0x70580000, 0x73580000)
  object space 16384K, 22% used [0x6f580000,0x6f9238f8,0x70580000)
Event: 8.170 GC heap after
Heap after GC invocations=5 (full 0):
 PSYoungGen      total 34304K, used 2547K [0x9e000000, 0xa2d80000, 0xb3580000)
  eden space 31744K, 0% used [0x9e000000,0x9e000000,0x9ff00000)
  from space 2560K, 99% used [0x9ff00000,0xa017cd20,0xa0180000)
  to   space 7936K, 0% used [0xa25c0000,0xa25c0000,0xa2d80000)
 ParOldGen       total 41728K, used 14644K [0x73580000, 0x75e40000, 0x9e000000)
  object space 41728K, 35% used [0x73580000,0x743cd118,0x75e40000)
 PSPermGen       total 16384K, used 3726K [0x6f580000, 0x70580000, 0x73580000)
  object space 16384K, 22% used [0x6f580000,0x6f9238f8,0x70580000)
}
Event: 10.376 GC heap before
{Heap before GC invocations=6 (full 0):
 PSYoungGen      total 34304K, used 34291K [0x9e000000, 0xa2d80000, 0xb3580000)
  eden space 31744K, 100% used [0x9e000000,0x9ff00000,0x9ff00000)
  from space 2560K, 99% used [0x9ff00000,0xa017cd20,0xa0180000)
  to   space 7936K, 0% used [0xa25c0000,0xa25c0000,0xa2d80000)
 ParOldGen       total 41728K, used 14644K [0x73580000, 0x75e40000, 0x9e000000)
  object space 41728K, 35% used [0x73580000,0x743cd118,0x75e40000)
 PSPermGen       total 16384K, used 3741K [0x6f580000, 0x70580000, 0x73580000)
  object space 16384K, 22% used [0x6f580000,0x6f9276c0,0x70580000)
Event: 10.391 GC heap after
Heap after GC invocations=6 (full 0):
 PSYoungGen      total 70656K, used 7310K [0x9e000000, 0xa2f00000, 0xb3580000)
  eden space 62720K, 0% used [0x9e000000,0x9e000000,0xa1d40000)
  from space 7936K, 92% used [0xa25c0000,0xa2ce3868,0xa2d80000)
  to   space 8704K, 0% used [0xa1d40000,0xa1d40000,0xa25c0000)
 ParOldGen       total 41728K, used 14644K [0x73580000, 0x75e40000, 0x9e000000)
  object space 41728K, 35% used [0x73580000,0x743cd118,0x75e40000)
 PSPermGen       total 16384K, used 3741K [0x6f580000, 0x70580000, 0x73580000)
  object space 16384K, 22% used [0x6f580000,0x6f9276c0,0x70580000)
}
Event: 13.554 GC heap before
{Heap before GC invocations=7 (full 0):
 PSYoungGen      total 70656K, used 70030K [0x9e000000, 0xa2f00000, 0xb3580000)
  eden space 62720K, 100% used [0x9e000000,0xa1d40000,0xa1d40000)
  from space 7936K, 92% used [0xa25c0000,0xa2ce3868,0xa2d80000)
  to   space 8704K, 0% used [0xa1d40000,0xa1d40000,0xa25c0000)
 ParOldGen       total 41728K, used 14644K [0x73580000, 0x75e40000, 0x9e000000)
  object space 41728K, 35% used [0x73580000,0x743cd118,0x75e40000)
 PSPermGen       total 16384K, used 3758K [0x6f580000, 0x70580000, 0x73580000)
  object space 16384K, 22% used [0x6f580000,0x6f92ba20,0x70580000)
Event: 13.768 GC heap after
Heap after GC invocations=7 (full 0):
 PSYoungGen      total 71424K, used 8693K [0x9e000000, 0xa7600000, 0xb3580000)
  eden space 62720K, 0% used [0x9e000000,0x9e000000,0xa1d40000)
  from space 8704K, 99% used [0xa1d40000,0xa25bd700,0xa25c0000)
  to   space 14080K, 0% used [0xa6840000,0xa6840000,0xa7600000)
 ParOldGen       total 41728K, used 23207K [0x73580000, 0x75e40000, 0x9e000000)
  object space 41728K, 55% used [0x73580000,0x74c29cd8,0x75e40000)
 PSPermGen       total 16384K, used 3758K [0x6f580000, 0x70580000, 0x73580000)
  object space 16384K, 22% used [0x6f580000,0x6f92ba20,0x70580000)
}
Event: 14.908 GC heap before
{Heap before GC invocations=8 (full 0):
 PSYoungGen      total 71424K, used 71413K [0x9e000000, 0xa7600000, 0xb3580000)
  eden space 62720K, 100% used [0x9e000000,0xa1d40000,0xa1d40000)
  from space 8704K, 99% used [0xa1d40000,0xa25bd700,0xa25c0000)
  to   space 14080K, 0% used [0xa6840000,0xa6840000,0xa7600000)
 ParOldGen       total 41728K, used 23207K [0x73580000, 0x75e40000, 0x9e000000)
  object space 41728K, 55% used [0x73580000,0x74c29cd8,0x75e40000)
 PSPermGen       total 16384K, used 3768K [0x6f580000, 0x70580000, 0x73580000)
  object space 16384K, 22% used [0x6f580000,0x6f92e0c0,0x70580000)
Event: 15.051 GC heap after
Heap after GC invocations=8 (full 0):
 PSYoungGen      total 135680K, used 14072K [0x9e000000, 0xa7d80000, 0xb3580000)
  eden space 121600K, 0% used [0x9e000000,0x9e000000,0xa56c0000)
  from space 14080K, 99% used [0xa6840000,0xa75fe3b0,0xa7600000)
  to   space 17920K, 0% used [0xa56c0000,0xa56c0000,0xa6840000)
 ParOldGen       total 41728K, used 27286K [0x73580000, 0x75e40000, 0x9e000000)
  object space 41728K, 65% used [0x73580000,0x75025930,0x75e40000)
 PSPermGen       total 16384K, used 3768K [0x6f580000, 0x70580000, 0x73580000)
  object space 16384K, 22% used [0x6f580000,0x6f92e0c0,0x70580000)
}
Event: 16.548 GC heap before
{Heap before GC invocations=9 (full 0):
 PSYoungGen      total 135680K, used 135672K [0x9e000000, 0xa7d80000, 0xb3580000)
  eden space 121600K, 100% used [0x9e000000,0xa56c0000,0xa56c0000)
  from space 14080K, 99% used [0xa6840000,0xa75fe3b0,0xa7600000)
  to   space 17920K, 0% used [0xa56c0000,0xa56c0000,0xa6840000)
 ParOldGen       total 41728K, used 27286K [0x73580000, 0x75e40000, 0x9e000000)
  object space 41728K, 65% used [0x73580000,0x75025930,0x75e40000)
 PSPermGen       total 16384K, used 3841K [0x6f580000, 0x70580000, 0x73580000)
  object space 16384K, 23% used [0x6f580000,0x6f9407c8,0x70580000)

Deoptimization events (10 events):
Event: 15.189 Thread 0xb6707800 Uncommon trap: reason=bimorphic action=maybe_recompile pc=0xb383c3e8 method=com.android.dx.cf.code.BytecodeArray.parseInstruction(ILcom/android/dx/cf/code/BytecodeArray$Visitor;)I @ 1357
Event: 15.189 Thread 0xb6707800 Uncommon trap: reason=bimorphic action=maybe_recompile pc=0xb383c3e8 method=com.android.dx.cf.code.BytecodeArray.parseInstruction(ILcom/android/dx/cf/code/BytecodeArray$Visitor;)I @ 1357
Event: 15.220 Thread 0xb6707800 Uncommon trap: reason=unreached action=reinterpret pc=0xb3718644 method=com.android.dx.ssa.MoveParamCombiner$1.visitNonMoveInsn(Lcom/android/dx/ssa/NormalSsaInsn;)V @ 27
Event: 15.222 Thread 0xb6707800 Uncommon trap: reason=class_check action=maybe_recompile pc=0xb385823c method=com.android.dx.cf.code.Ropper.processBlock(Lcom/android/dx/cf/code/ByteBlock;Lcom/android/dx/cf/code/Frame;[I)V @ 711
Event: 15.222 Thread 0xb6707800 Uncommon trap: reason=class_check action=maybe_recompile pc=0xb385823c method=com.android.dx.cf.code.Ropper.processBlock(Lcom/android/dx/cf/code/ByteBlock;Lcom/android/dx/cf/code/Frame;[I)V @ 711
Event: 15.298 Thread 0xb6707800 Uncommon trap: reason=bimorphic action=maybe_recompile pc=0xb3833b64 method=com.android.dx.ssa.LiteralOpUpgrader.tryReplacingWithConstant(Lcom/android/dx/ssa/NormalSsaInsn;)Z @ 62
Event: 15.301 Thread 0xb6707800 Uncommon trap: reason=bimorphic action=maybe_recompile pc=0xb3833b64 method=com.android.dx.ssa.LiteralOpUpgrader.tryReplacingWithConstant(Lcom/android/dx/ssa/NormalSsaInsn;)Z @ 62
Event: 15.319 Thread 0xb6707800 Uncommon trap: reason=bimorphic action=maybe_recompile pc=0xb37e7364 method=com.android.dx.ssa.back.FirstFitLocalCombiningAllocator.findRopRegForLocal(II)I @ 12
Event: 15.881 Thread 0xb6707800 Uncommon trap: reason=bimorphic action=maybe_recompile pc=0xb38bc328 method=com.android.dx.cf.code.BytecodeArray.parseInstruction(ILcom/android/dx/cf/code/BytecodeArray$Visitor;)I @ 971
Event: 15.881 Thread 0xb6707800 Uncommon trap: reason=bimorphic action=maybe_recompile pc=0xb38bc328 method=com.android.dx.cf.code.BytecodeArray.parseInstruction(ILcom/android/dx/cf/code/BytecodeArray$Visitor;)I @ 971

Internal exceptions (10 events):
Event: 7.275 Thread 0xb6707800 Threw 0x9ef15b58 at /HUDSON/workspace/7u-2-build-linux-i586/jdk7u71/1605/hotspot/src/share/vm/prims/jvm.cpp:1281
Event: 7.371 Thread 0xb6707800 Threw 0x9f09d1d0 at /HUDSON/workspace/7u-2-build-linux-i586/jdk7u71/1605/hotspot/src/share/vm/prims/jvm.cpp:1281
Event: 7.398 Thread 0xb6707800 Threw 0x9f0f87f0 at /HUDSON/workspace/7u-2-build-linux-i586/jdk7u71/1605/hotspot/src/share/vm/prims/jvm.cpp:1281
Event: 7.399 Thread 0xb6707800 Threw 0x9f0faa28 at /HUDSON/workspace/7u-2-build-linux-i586/jdk7u71/1605/hotspot/src/share/vm/prims/jvm.cpp:1281
Event: 7.413 Thread 0xb6707800 Threw 0x9f10f7e8 at /HUDSON/workspace/7u-2-build-linux-i586/jdk7u71/1605/hotspot/src/share/vm/prims/jvm.cpp:1281
Event: 7.414 Thread 0xb6707800 Threw 0x9f114d30 at /HUDSON/workspace/7u-2-build-linux-i586/jdk7u71/1605/hotspot/src/share/vm/prims/jvm.cpp:1281
Event: 7.415 Thread 0xb6707800 Threw 0x9f119fb0 at /HUDSON/workspace/7u-2-build-linux-i586/jdk7u71/1605/hotspot/src/share/vm/prims/jvm.cpp:1281
Event: 11.703 Thread 0xb6707800 Threw 0x9f9ac188 at /HUDSON/workspace/7u-2-build-linux-i586/jdk7u71/1605/hotspot/src/share/vm/prims/jvm.cpp:1281
Event: 16.109 Thread 0xb6707800 Threw 0xa552a500 at /HUDSON/workspace/7u-2-build-linux-i586/jdk7u71/1605/hotspot/src/share/vm/prims/jvm.cpp:1281
Event: 16.211 Thread 0xb6707800 Threw 0xa55d7d98 at /HUDSON/workspace/7u-2-build-linux-i586/jdk7u71/1605/hotspot/src/share/vm/prims/jvm.cpp:1281

Events (10 events):
Event: 16.108 loading class 0x6ef56398 done
Event: 16.109 loading class 0x6b924240
Event: 16.109 loading class 0x6b924240 done
Event: 16.158 loading class 0x6ef52648
Event: 16.158 loading class 0x6ef52648 done
Event: 16.158 loading class 0x6ef52620
Event: 16.206 loading class 0x6ef52620 done
Event: 16.211 loading class 0x6b966d58
Event: 16.211 loading class 0x6b966d58 done
Event: 16.475 Executing VM operation: ParallelGCFailedAllocation


Dynamic libraries:
08048000-08049000 r-xp 00000000 07:00 409870     /usr/lib/jvm/jdk1.7.0_71/bin/java
08049000-0804a000 rw-p 00000000 07:00 409870     /usr/lib/jvm/jdk1.7.0_71/bin/java
095fb000-09621000 rw-p 00000000 00:00 0          [heap]
6a600000-6a7fc000 rw-p 00000000 00:00 0 
6a7fc000-6a800000 ---p 00000000 00:00 0 
6a800000-6a8fa000 rw-p 00000000 00:00 0 
6a8fa000-6a900000 ---p 00000000 00:00 0 
6aa00000-6aacb000 rw-p 00000000 00:00 0 
6aacb000-6ab00000 ---p 00000000 00:00 0 
6ab00000-6abfc000 rw-p 00000000 00:00 0 
6abfc000-6ac00000 ---p 00000000 00:00 0 
6ac00000-6acff000 rw-p 00000000 00:00 0 
6acff000-6ad00000 ---p 00000000 00:00 0 
6ad00000-6ae00000 rw-p 00000000 00:00 0 
6ae00000-6af00000 rw-p 00000000 00:00 0 
6af00000-6aff5000 rw-p 00000000 00:00 0 
6aff5000-6b000000 ---p 00000000 00:00 0 
6b100000-6b200000 rw-p 00000000 00:00 0 
6b200000-6b300000 rw-p 00000000 00:00 0 
6b300000-6b3fb000 rw-p 00000000 00:00 0 
6b3fb000-6b400000 ---p 00000000 00:00 0 
6b400000-6b4ff000 rw-p 00000000 00:00 0 
6b4ff000-6b500000 ---p 00000000 00:00 0 
6b500000-6b5fd000 rw-p 00000000 00:00 0 
6b5fd000-6b600000 ---p 00000000 00:00 0 
6b600000-6b700000 rw-p 00000000 00:00 0 
6b700000-6b7f3000 rw-p 00000000 00:00 0 
6b7f3000-6b800000 ---p 00000000 00:00 0 
6b800000-6b8fc000 rw-p 00000000 00:00 0 
6b8fc000-6b900000 ---p 00000000 00:00 0 
6b900000-6b99b000 rw-p 00000000 00:00 0 
6b99b000-6ba00000 ---p 00000000 00:00 0 
6ba7d000-6ba7e000 ---p 00000000 00:00 0 
6ba7e000-6bafe000 rw-p 00000000 00:00 0          [stack:28104]
6bafe000-6bb01000 ---p 00000000 00:00 0 
6bb01000-6bb7f000 rw-p 00000000 00:00 0          [stack:28102]
6bb7f000-6bb82000 ---p 00000000 00:00 0 
6bb82000-6bc00000 rw-p 00000000 00:00 0          [stack:28101]
6bc00000-6be00000 r--p 00000000 07:00 270748     /usr/lib/locale/locale-archive
6be00000-6be21000 rw-p 00000000 00:00 0 
6be21000-6bf00000 ---p 00000000 00:00 0 
6bf0d000-6bf10000 ---p 00000000 00:00 0 
6bf10000-6bf5e000 rw-p 00000000 00:00 0          [stack:28103]
6bf5e000-6bf61000 ---p 00000000 00:00 0 
6bf61000-6bfaf000 rw-p 00000000 00:00 0          [stack:28094]
6bfaf000-6bfb2000 ---p 00000000 00:00 0 
6bfb2000-6c000000 rw-p 00000000 00:00 0          [stack:28081]
6c000000-6c0e8000 rw-p 00000000 00:00 0 
6c0e8000-6c100000 ---p 00000000 00:00 0 
6c12e000-6c131000 ---p 00000000 00:00 0 
6c131000-6c17f000 rw-p 00000000 00:00 0          [stack:28079]
6c17f000-6c180000 ---p 00000000 00:00 0 
6c180000-6c200000 rw-p 00000000 00:00 0          [stack:28076]
6c200000-6c2ff000 rw-p 00000000 00:00 0 
6c2ff000-6c300000 ---p 00000000 00:00 0 
6c301000-6c4c0000 r--s 039e9000 07:00 410012     /usr/lib/jvm/jdk1.7.0_71/jre/lib/rt.jar
6c4c0000-6eb00000 rw-p 00000000 00:00 0 
6eb00000-6ebed000 rw-p 00000000 00:00 0 
6ebed000-6ec00000 ---p 00000000 00:00 0 
6ec1e000-6ec33000 r-xp 00000000 07:00 410084     /usr/lib/jvm/jdk1.7.0_71/jre/lib/i386/libnet.so
6ec33000-6ec34000 rw-p 00014000 07:00 410084     /usr/lib/jvm/jdk1.7.0_71/jre/lib/i386/libnet.so
6ec34000-6ec7f000 rw-p 00000000 00:00 0 
6ec7f000-6ec80000 ---p 00000000 00:00 0 
6ec80000-6ed00000 rw-p 00000000 00:00 0          [stack:28072]
6ed00000-6ed21000 rw-p 00000000 00:00 0 
6ed21000-6ee00000 ---p 00000000 00:00 0 
6ee00000-6ee21000 rw-p 00000000 00:00 0 
6ee21000-6ef00000 ---p 00000000 00:00 0 
6ef03000-6ef11000 r-xp 00000000 07:00 410110     /usr/lib/jvm/jdk1.7.0_71/jre/lib/i386/libnio.so
6ef11000-6ef12000 rw-p 0000e000 07:00 410110     /usr/lib/jvm/jdk1.7.0_71/jre/lib/i386/libnio.so
6ef24000-6ef7f000 rw-p 00000000 00:00 0 
6ef7f000-6ef80000 ---p 00000000 00:00 0 
6ef80000-6f000000 rw-p 00000000 00:00 0          [stack:28069]
6f000000-6f021000 rw-p 00000000 00:00 0 
6f021000-6f100000 ---p 00000000 00:00 0 
6f107000-6f108000 ---p 00000000 00:00 0 
6f108000-6f188000 rw-p 00000000 00:00 0          [stack:28068]
6f188000-6f189000 ---p 00000000 00:00 0 
6f189000-6f21e000 rw-p 00000000 00:00 0          [stack:28066]
6f21e000-6f35f000 rw-p 00000000 00:00 0 
6f35f000-6f367000 rw-p 00000000 00:00 0 
6f367000-6f37f000 rw-p 00000000 00:00 0 
6f37f000-6f394000 rw-p 00000000 00:00 0 
6f394000-6f4d4000 rw-p 00000000 00:00 0 
6f4d4000-6f523000 rw-p 00000000 00:00 0 
6f523000-6f57f000 rw-p 00000000 00:00 0 
6f57f000-70580000 rw-p 00000000 00:00 0 
70580000-73580000 rw-p 00000000 00:00 0 
73580000-75e40000 rw-p 00000000 00:00 0 
75e40000-9e000000 rw-p 00000000 00:00 0 
9e000000-a7d80000 rw-p 00000000 00:00 0 
ad08d000-ad200000 rw-p 00000000 00:00 0 
ad200000-b3580000 rw-p 00000000 00:00 0 
b3583000-b35a5000 rw-p 00000000 00:00 0 
b35a5000-b35bd000 rw-p 00000000 00:00 0 
b35bd000-b35c8000 rw-p 00000000 00:00 0 
b35c8000-b367d000 rw-p 00000000 00:00 0 
b367d000-b390d000 rwxp 00000000 00:00 0 
b390d000-b667d000 rw-p 00000000 00:00 0 
b667d000-b6694000 r-xp 00000000 07:00 410050     /usr/lib/jvm/jdk1.7.0_71/jre/lib/i386/libzip.so
b6694000-b6695000 rw-p 00017000 07:00 410050     /usr/lib/jvm/jdk1.7.0_71/jre/lib/i386/libzip.so
b6695000-b66a0000 r-xp 00000000 07:00 131739     /lib/i386-linux-gnu/libnss_files-2.17.so
b66a0000-b66a1000 r--p 0000a000 07:00 131739     /lib/i386-linux-gnu/libnss_files-2.17.so
b66a1000-b66a2000 rw-p 0000b000 07:00 131739     /lib/i386-linux-gnu/libnss_files-2.17.so
b66a2000-b66ac000 r-xp 00000000 07:00 131743     /lib/i386-linux-gnu/libnss_nis-2.17.so
b66ac000-b66ad000 r--p 00009000 07:00 131743     /lib/i386-linux-gnu/libnss_nis-2.17.so
b66ad000-b66ae000 rw-p 0000a000 07:00 131743     /lib/i386-linux-gnu/libnss_nis-2.17.so
b66ae000-b66c3000 r-xp 00000000 07:00 131733     /lib/i386-linux-gnu/libnsl-2.17.so
b66c3000-b66c4000 r--p 00014000 07:00 131733     /lib/i386-linux-gnu/libnsl-2.17.so
b66c4000-b66c5000 rw-p 00015000 07:00 131733     /lib/i386-linux-gnu/libnsl-2.17.so
b66c5000-b66c7000 rw-p 00000000 00:00 0 
b66cd000-b66dc000 r--s 000dd000 07:00 1060094    /root/Android/Sdk/build-tools/21.1.2/lib/dx.jar
b66dc000-b66ff000 r-xp 00000000 07:00 410093     /usr/lib/jvm/jdk1.7.0_71/jre/lib/i386/libjava.so
b66ff000-b6700000 rw-p 00023000 07:00 410093     /usr/lib/jvm/jdk1.7.0_71/jre/lib/i386/libjava.so
b6700000-b67f6000 rw-p 00000000 00:00 0 
b67f6000-b6800000 ---p 00000000 00:00 0 
b6801000-b6809000 rw-s 00000000 07:00 145530     /tmp/hsperfdata_root/28045
b6809000-b6810000 r-xp 00000000 07:00 131735     /lib/i386-linux-gnu/libnss_compat-2.17.so
b6810000-b6811000 r--p 00006000 07:00 131735     /lib/i386-linux-gnu/libnss_compat-2.17.so
b6811000-b6812000 rw-p 00007000 07:00 131735     /lib/i386-linux-gnu/libnss_compat-2.17.so
b6812000-b6819000 r-xp 00000000 07:00 131786     /lib/i386-linux-gnu/librt-2.17.so
b6819000-b681a000 r--p 00006000 07:00 131786     /lib/i386-linux-gnu/librt-2.17.so
b681a000-b681b000 rw-p 00007000 07:00 131786     /lib/i386-linux-gnu/librt-2.17.so
b681b000-b681e000 ---p 00000000 00:00 0 
b681e000-b686c000 rw-p 00000000 00:00 0          [stack:28053]
b686c000-b68ad000 r-xp 00000000 07:00 131714     /lib/i386-linux-gnu/libm-2.17.so
b68ad000-b68ae000 r--p 00040000 07:00 131714     /lib/i386-linux-gnu/libm-2.17.so
b68ae000-b68af000 rw-p 00041000 07:00 131714     /lib/i386-linux-gnu/libm-2.17.so
b68af000-b7133000 r-xp 00000000 07:00 538315     /usr/lib/jvm/jdk1.7.0_71/jre/lib/i386/server/libjvm.so
b7133000-b7197000 rw-p 00884000 07:00 538315     /usr/lib/jvm/jdk1.7.0_71/jre/lib/i386/server/libjvm.so
b7197000-b75bb000 rw-p 00000000 00:00 0 
b75bb000-b7768000 r-xp 00000000 07:00 131666     /lib/i386-linux-gnu/libc-2.17.so
b7768000-b776a000 r--p 001ad000 07:00 131666     /lib/i386-linux-gnu/libc-2.17.so
b776a000-b776b000 rw-p 001af000 07:00 131666     /lib/i386-linux-gnu/libc-2.17.so
b776b000-b776e000 rw-p 00000000 00:00 0 
b776e000-b7771000 r-xp 00000000 07:00 131681     /lib/i386-linux-gnu/libdl-2.17.so
b7771000-b7772000 r--p 00002000 07:00 131681     /lib/i386-linux-gnu/libdl-2.17.so
b7772000-b7773000 rw-p 00003000 07:00 131681     /lib/i386-linux-gnu/libdl-2.17.so
b7773000-b7774000 rw-p 00000000 00:00 0 
b7774000-b7787000 r-xp 00000000 07:00 539533     /usr/lib/jvm/jdk1.7.0_71/lib/i386/jli/libjli.so
b7787000-b7788000 rw-p 00012000 07:00 539533     /usr/lib/jvm/jdk1.7.0_71/lib/i386/jli/libjli.so
b7788000-b779f000 r-xp 00000000 07:00 131778     /lib/i386-linux-gnu/libpthread-2.17.so
b779f000-b77a0000 r--p 00016000 07:00 131778     /lib/i386-linux-gnu/libpthread-2.17.so
b77a0000-b77a1000 rw-p 00017000 07:00 131778     /lib/i386-linux-gnu/libpthread-2.17.so
b77a1000-b77a3000 rw-p 00000000 00:00 0 
b77a7000-b77a9000 rw-p 00000000 00:00 0 
b77a9000-b77aa000 r--p 005e0000 07:00 270748     /usr/lib/locale/locale-archive
b77aa000-b77ab000 rw-p 00000000 00:00 0 
b77ab000-b77ac000 ---p 00000000 00:00 0 
b77ac000-b77b7000 r-xp 00000000 07:00 410086     /usr/lib/jvm/jdk1.7.0_71/jre/lib/i386/libverify.so
b77b7000-b77b8000 rw-p 0000b000 07:00 410086     /usr/lib/jvm/jdk1.7.0_71/jre/lib/i386/libverify.so
b77b8000-b77ba000 rw-p 00000000 00:00 0 
b77ba000-b77bb000 r-xp 00000000 00:00 0          [vdso]
b77bb000-b77db000 r-xp 00000000 07:00 131642     /lib/i386-linux-gnu/ld-2.17.so
b77db000-b77dc000 r--p 0001f000 07:00 131642     /lib/i386-linux-gnu/ld-2.17.so
b77dc000-b77dd000 rw-p 00020000 07:00 131642     /lib/i386-linux-gnu/ld-2.17.so
bf824000-bf825000 rwxp 00000000 00:00 0 
bf857000-bf878000 rw-p 00000000 00:00 0          [stack]

VM Arguments:
jvm_args: -Xmx1024M -Dfile.encoding=UTF-8 -Duser.country=US -Duser.language=en -Duser.variant 
java_command: com.android.dx.command.Main --dex --output /home/madhu/Videos/Custome_List_View/app/build/intermediates/pre-dexed/debug/classes-cfe2b6e475fc39003a9d6743de6e45359e2bf7e8.jar /home/madhu/Videos/Custome_List_View/app/build/intermediates/exploded-aar/com.android.support/support-v4/22.1.1/classes.jar
Launcher Type: SUN_STANDARD

Environment Variables:
CLASSPATH=/opt/Android Software/android-studio/bin/../lib/bootstrap.jar:/opt/Android Software/android-studio/bin/../lib/extensions.jar:/opt/Android Software/android-studio/bin/../lib/util.jar:/opt/Android Software/android-studio/bin/../lib/jdom.jar:/opt/Android Software/android-studio/bin/../lib/log4j.jar:/opt/Android Software/android-studio/bin/../lib/trove4j.jar:/opt/Android Software/android-studio/bin/../lib/jna.jar:/usr/lib/jvm/jdk1.7.0_71/lib/tools.jar
PATH=/usr/local/sbin:/usr/local/bin:/usr/sbin:/usr/bin:/sbin:/bin
USERNAME=root
LD_LIBRARY_PATH=/opt/Android Software/android-studio/bin:
SHELL=/bin/bash
DISPLAY=:0.0

Signal Handlers:
SIGSEGV: [libjvm.so+0x7e8e90], sa_mask[0]=0x7ffbfeff, sa_flags=0x10000004
SIGBUS: [libjvm.so+0x7e8e90], sa_mask[0]=0x7ffbfeff, sa_flags=0x10000004
SIGFPE: [libjvm.so+0x681f90], sa_mask[0]=0x7ffbfeff, sa_flags=0x10000004
SIGPIPE: [libjvm.so+0x681f90], sa_mask[0]=0x7ffbfeff, sa_flags=0x10000004
SIGXFSZ: [libjvm.so+0x681f90], sa_mask[0]=0x7ffbfeff, sa_flags=0x10000004
SIGILL: [libjvm.so+0x681f90], sa_mask[0]=0x7ffbfeff, sa_flags=0x10000004
SIGUSR1: SIG_DFL, sa_mask[0]=0x00000000, sa_flags=0x00000000
SIGUSR2: [libjvm.so+0x683790], sa_mask[0]=0x00000004, sa_flags=0x10000004
SIGHUP: [libjvm.so+0x684a90], sa_mask[0]=0x7ffbfeff, sa_flags=0x10000004
SIGINT: [libjvm.so+0x684a90], sa_mask[0]=0x7ffbfeff, sa_flags=0x10000004
SIGTERM: [libjvm.so+0x684a90], sa_mask[0]=0x7ffbfeff, sa_flags=0x10000004
SIGQUIT: [libjvm.so+0x684a90], sa_mask[0]=0x7ffbfeff, sa_flags=0x10000004


---------------  S Y S T E M  ---------------

OS:wheezy/sid

uname:Linux 3.8.0-19-generic #29-Ubuntu SMP Wed Apr 17 18:19:42 UTC 2013 i686
libc:glibc 2.17 NPTL 2.17 
rlimit: STACK 8192k, CORE 0k, NPROC 31017, NOFILE 4096, AS infinity
load average:11.11 4.01 2.27

/proc/meminfo:
MemTotal:        4001428 kB
MemFree:          206612 kB
Buffers:           22808 kB
Cached:           551200 kB
SwapCached:        50124 kB
Active:          2759768 kB
Inactive:         939964 kB
Active(anon):    2749264 kB
Inactive(anon):   902360 kB
Active(file):      10504 kB
Inactive(file):    37604 kB
Unevictable:        2648 kB
Mlocked:              32 kB
HighTotal:       3155716 kB
HighFree:          38868 kB
LowTotal:         845712 kB
LowFree:          167744 kB
SwapTotal:        262140 kB
SwapFree:              0 kB
Dirty:                56 kB
Writeback:            52 kB
AnonPages:       3079548 kB
Mapped:           390320 kB
Shmem:            522748 kB
Slab:              42040 kB
SReclaimable:      18576 kB
SUnreclaim:        23464 kB
KernelStack:        5592 kB
PageTables:        20884 kB
NFS_Unstable:          0 kB
Bounce:                0 kB
WritebackTmp:          0 kB
CommitLimit:     2262852 kB
Committed_AS:    7898888 kB
VmallocTotal:     122880 kB
VmallocUsed:       16112 kB
VmallocChunk:      91900 kB
HardwareCorrupted:     0 kB
AnonHugePages:         0 kB
HugePages_Total:       0
HugePages_Free:        0
HugePages_Rsvd:        0
HugePages_Surp:        0
Hugepagesize:       2048 kB
DirectMap4k:       10232 kB
DirectMap2M:      903168 kB


CPU:total 4 (2 cores per cpu, 2 threads per core) family 6 model 58 stepping 9, cmov, cx8, fxsr, mmx, sse, sse2, sse3, ssse3, sse4.1, sse4.2, popcnt, avx, aes, erms, ht, tsc, tscinvbit, tscinv

/proc/cpuinfo:
processor	: 0
vendor_id	: GenuineIntel
cpu family	: 6
model		: 58
model name	: Intel(R) Core(TM) i5-3337U CPU @ 1.80GHz
stepping	: 9
microcode	: 0x15
cpu MHz		: 1800.000
cache size	: 3072 KB
physical id	: 0
siblings	: 4
core id		: 0
cpu cores	: 2
apicid		: 0
initial apicid	: 0
fdiv_bug	: no
hlt_bug		: no
f00f_bug	: no
coma_bug	: no
fpu		: yes
fpu_exception	: yes
cpuid level	: 13
wp		: yes
flags		: fpu vme de pse tsc msr pae mce cx8 apic sep mtrr pge mca cmov pat pse36 clflush dts acpi mmx fxsr sse sse2 ss ht tm pbe nx rdtscp lm constant_tsc arch_perfmon pebs bts xtopology nonstop_tsc aperfmperf eagerfpu pni pclmulqdq dtes64 monitor ds_cpl vmx est tm2 ssse3 cx16 xtpr pdcm pcid sse4_1 sse4_2 x2apic popcnt tsc_deadline_timer aes xsave avx f16c rdrand lahf_lm ida arat epb xsaveopt pln pts dtherm tpr_shadow vnmi flexpriority ept vpid fsgsbase smep erms
bogomips	: 3592.07
clflush size	: 64
cache_alignment	: 64
address sizes	: 36 bits physical, 48 bits virtual
power management:

processor	: 1
vendor_id	: GenuineIntel
cpu family	: 6
model		: 58
model name	: Intel(R) Core(TM) i5-3337U CPU @ 1.80GHz
stepping	: 9
microcode	: 0x15
cpu MHz		: 1700.000
cache size	: 3072 KB
physical id	: 0
siblings	: 4
core id		: 0
cpu cores	: 2
apicid		: 1
initial apicid	: 1
fdiv_bug	: no
hlt_bug		: no
f00f_bug	: no
coma_bug	: no
fpu		: yes
fpu_exception	: yes
cpuid level	: 13
wp		: yes
flags		: fpu vme de pse tsc msr pae mce cx8 apic sep mtrr pge mca cmov pat pse36 clflush dts acpi mmx fxsr sse sse2 ss ht tm pbe nx rdtscp lm constant_tsc arch_perfmon pebs bts xtopology nonstop_tsc aperfmperf eagerfpu pni pclmulqdq dtes64 monitor ds_cpl vmx est tm2 ssse3 cx16 xtpr pdcm pcid sse4_1 sse4_2 x2apic popcnt tsc_deadline_timer aes xsave avx f16c rdrand lahf_lm ida arat epb xsaveopt pln pts dtherm tpr_shadow vnmi flexpriority ept vpid fsgsbase smep erms
bogomips	: 3592.07
clflush size	: 64
cache_alignment	: 64
address sizes	: 36 bits physical, 48 bits virtual
power management:

processor	: 2
vendor_id	: GenuineIntel
cpu family	: 6
model		: 58
model name	: Intel(R) Core(TM) i5-3337U CPU @ 1.80GHz
stepping	: 9
microcode	: 0x15
cpu MHz		: 1801.000
cache size	: 3072 KB
physical id	: 0
siblings	: 4
core id		: 1
cpu cores	: 2
apicid		: 2
initial apicid	: 2
fdiv_bug	: no
hlt_bug		: no
f00f_bug	: no
coma_bug	: no
fpu		: yes
fpu_exception	: yes
cpuid level	: 13
wp		: yes
flags		: fpu vme de pse tsc msr pae mce cx8 apic sep mtrr pge mca cmov pat pse36 clflush dts acpi mmx fxsr sse sse2 ss ht tm pbe nx rdtscp lm constant_tsc arch_perfmon pebs bts xtopology nonstop_tsc aperfmperf eagerfpu pni pclmulqdq dtes64 monitor ds_cpl vmx est tm2 ssse3 cx16 xtpr pdcm pcid sse4_1 sse4_2 x2apic popcnt tsc_deadline_timer aes xsave avx f16c rdrand lahf_lm ida arat epb xsaveopt pln pts dtherm tpr_shadow vnmi flexpriority ept vpid fsgsbase smep erms
bogomips	: 3592.07
clflush size	: 64
cache_alignment	: 64
address sizes	: 36 bits physical, 48 bits virtual
power management:

processor	: 3
vendor_id	: GenuineIntel
cpu family	: 6
model		: 58
model name	: Intel(R) Core(TM) i5-3337U CPU @ 1.80GHz
stepping	: 9
microcode	: 0x15
cpu MHz		: 1801.000
cache size	: 3072 KB
physical id	: 0
siblings	: 4
core id		: 1
cpu cores	: 2
apicid		: 3
initial apicid	: 3
fdiv_bug	: no
hlt_bug		: no
f00f_bug	: no
coma_bug	: no
fpu		: yes
fpu_exception	: yes
cpuid level	: 13
wp		: yes
flags		: fpu vme de pse tsc msr pae mce cx8 apic sep mtrr pge mca cmov pat pse36 clflush dts acpi mmx fxsr sse sse2 ss ht tm pbe nx rdtscp lm constant_tsc arch_perfmon pebs bts xtopology nonstop_tsc aperfmperf eagerfpu pni pclmulqdq dtes64 monitor ds_cpl vmx est tm2 ssse3 cx16 xtpr pdcm pcid sse4_1 sse4_2 x2apic popcnt tsc_deadline_timer aes xsave avx f16c rdrand lahf_lm ida arat epb xsaveopt pln pts dtherm tpr_shadow vnmi flexpriority ept vpid fsgsbase smep erms
bogomips	: 3592.07
clflush size	: 64
cache_alignment	: 64
address sizes	: 36 bits physical, 48 bits virtual
power management:



Memory: 4k page, physical 4001428k(206612k free), swap 262140k(0k free)

vm_info: Java HotSpot(TM) Server VM (24.71-b01) for linux-x86 JRE (1.7.0_71-b14), built on Sep 26 2014 16:44:29 by "java_re" with gcc 4.3.0 20080428 (Red Hat 4.3.0-8)

time: Mon Aug  3 18:11:45 2015
elapsed time: 35 seconds

